Arguments: 
  /home/michael/.nvm/versions/node/v8.9.0/bin/node /usr/local/bin/yarn start

PATH: 
  /home/michael/.nvm/versions/node/v8.9.0/bin:/home/michael/.rvm/gems/ruby-2.4.1/bin:/home/michael/.rvm/gems/ruby-2.4.1@global/bin:/usr/share/rvm/rubies/ruby-2.4.1/bin:/home/michael/bin:/home/michael/.local/bin:/usr/local/sbin:/usr/local/bin:/usr/sbin:/usr/bin:/sbin:/bin:/usr/games:/usr/local/games:/snap/bin:/usr/share/rvm/bin

Yarn version: 
  1.5.1

Node version: 
  8.9.0

Platform: 
  linux x64

npm manifest: 
  {
    "name": "scss_boilerplate",
    "version": "1.0.0",
    "description": "A SCSS boilerplate",
    "main": "index.html",
    "scripts": {
      "start": "nodemon -e scss -x \"npm run start:compass && npm run start:postcss\"",
      "start:compass": "node-sass -r scss -o public/css",
      "start:postcss": "postcss ./public/css/*css -d ./public/css"
    },
    "keywords": [
      "dogs",
      "newsletter"
    ],
    "repository": {
      "type": "git",
      "url": "https://github.com/Lindberg1984/scss_boilerplate"
    },
    "author": "Michael Lindberg",
    "license": "ISC",
    "devDependencies": {
      "cssnano": "^3.10.0",
      "node-sass": "^4.8.3",
      "nodemon": "^1.17.2",
      "npm": "^5.8.0",
      "npm-run-parallel": "^0.6.0",
      "postcss": "^6.0.21",
      "postcss-browser-reporter": "^0.5.0",
      "postcss-cli": "^5.0.0",
      "postcss-cssnext": "^3.1.0",
      "postcss-import": "^11.1.0",
      "postcss-url": "^7.3.1",
      "prettier": "^1.11.1",
      "stylelint": "^9.1.3",
      "stylelint-scss": "^2.5.0"
    }
  }

yarn manifest: 
  No manifest

Lockfile: 
  No lockfile

Trace: 
  Error: Command failed.
  Exit code: 127
  Command: sh
  Arguments: -c nodemon -e scss -x "npm run start:compass && npm run start:postcss"
  Directory: /home/michael/Development/Hundene 2
  Output:
  
      at ProcessTermError.MessageError (/usr/local/lib/node_modules/yarn/lib/cli.js:186:110)
      at new ProcessTermError (/usr/local/lib/node_modules/yarn/lib/cli.js:226:113)
      at ChildProcess.<anonymous> (/usr/local/lib/node_modules/yarn/lib/cli.js:30281:17)
      at emitTwo (events.js:126:13)
      at ChildProcess.emit (events.js:214:7)
      at maybeClose (internal/child_process.js:925:16)
      at Process.ChildProcess._handle.onexit (internal/child_process.js:209:5)
